sample_project/android/app/build/intermediates/manifest_merge_blame_file/release/manifest-merger-blame-release-report.txt
1<?xml version="1.0" encoding="utf-8"?>
2<manifest xmlns:android="http://schemas.android.com/apk/res/android"
3    package="com.example.sample_project"
4    android:versionCode="1"
5    android:versionName="1.0.0" >
6
7    <uses-sdk
8        android:minSdkVersion="21"
9        android:targetSdkVersion="35" />
10    <!--
11         Required to query activities that can process text, see:
12         https://developer.android.com/training/package-visibility and
13         https://developer.android.com/reference/android/content/Intent#ACTION_PROCESS_TEXT.
14
15         In particular, this is used by the Flutter engine in io.flutter.plugin.text.ProcessTextPlugin.
16    -->
17    <queries>
17-->src\main\AndroidManifest.xml:39:5-44:15
18        <intent>
18-->src\main\AndroidManifest.xml:40:9-43:18
19            <action android:name="android.intent.action.PROCESS_TEXT" />
19-->src\main\AndroidManifest.xml:41:13-72
19-->src\main\AndroidManifest.xml:41:21-70
20
21            <data android:mimeType="text/plain" />
21-->src\main\AndroidManifest.xml:42:13-50
21-->src\main\AndroidManifest.xml:42:19-48
22        </intent>
23    </queries>
24
25    <permission
25-->[androidx.core:core:1.13.1] AndroidManifest.xml:22:5-24:47
26        android:name="com.example.sample_project.DYNAMIC_RECEIVER_NOT_EXPORTED_PERMISSION"
26-->[androidx.core:core:1.13.1] AndroidManifest.xml:23:9-81
27        android:protectionLevel="signature" />
27-->[androidx.core:core:1.13.1] AndroidManifest.xml:24:9-44
28
29    <uses-permission android:name="com.example.sample_project.DYNAMIC_RECEIVER_NOT_EXPORTED_PERMISSION" /> <!-- Permission will be merged into the manifest of the hosting app. -->
29-->[androidx.core:core:1.13.1] AndroidManifest.xml:26:5-97
29-->[androidx.core:core:1.13.1] AndroidManifest.xml:26:22-94
30    <!-- Is required to launch foreground extraction service for targetSdkVersion 28+. -->
31    <uses-permission android:name="android.permission.FOREGROUND_SERVICE" />
31-->[com.google.android.play:core:1.10.3] AndroidManifest.xml:13:5-77
31-->[com.google.android.play:core:1.10.3] AndroidManifest.xml:13:22-74
32
33    <application
34        android:name="android.app.Application"
34-->src\main\AndroidManifest.xml:4:9-42
35        android:appComponentFactory="androidx.core.app.CoreComponentFactory"
35-->[androidx.core:core:1.13.1] AndroidManifest.xml:28:18-86
36        android:extractNativeLibs="true"
37        android:icon="@mipmap/ic_launcher"
37-->src\main\AndroidManifest.xml:5:9-43
38        android:label="sample_project" >
38-->src\main\AndroidManifest.xml:3:9-39
39        <activity
39-->src\main\AndroidManifest.xml:6:9-27:20
40            android:name="com.example.sample_project.MainActivity"
40-->src\main\AndroidManifest.xml:7:13-41
41            android:configChanges="orientation|keyboardHidden|keyboard|screenSize|smallestScreenSize|locale|layoutDirection|fontScale|screenLayout|density|uiMode"
41-->src\main\AndroidManifest.xml:12:13-163
42            android:exported="true"
42-->src\main\AndroidManifest.xml:8:13-36
43            android:hardwareAccelerated="true"
43-->src\main\AndroidManifest.xml:13:13-47
44            android:launchMode="singleTop"
44-->src\main\AndroidManifest.xml:9:13-43
45            android:taskAffinity=""
45-->src\main\AndroidManifest.xml:10:13-36
46            android:theme="@style/LaunchTheme"
46-->src\main\AndroidManifest.xml:11:13-47
47            android:windowSoftInputMode="adjustResize" >
47-->src\main\AndroidManifest.xml:14:13-55
48
49            <!--
50                 Specifies an Android theme to apply to this Activity as soon as
51                 the Android process has started. This theme is visible to the user
52                 while the Flutter UI initializes. After that, this theme continues
53                 to determine the Window background behind the Flutter UI.
54            -->
55            <meta-data
55-->src\main\AndroidManifest.xml:19:13-22:17
56                android:name="io.flutter.embedding.android.NormalTheme"
56-->src\main\AndroidManifest.xml:20:15-70
57                android:resource="@style/NormalTheme" />
57-->src\main\AndroidManifest.xml:21:15-52
58
59            <intent-filter>
59-->src\main\AndroidManifest.xml:23:13-26:29
60                <action android:name="android.intent.action.MAIN" />
60-->src\main\AndroidManifest.xml:24:17-68
60-->src\main\AndroidManifest.xml:24:25-66
61
62                <category android:name="android.intent.category.LAUNCHER" />
62-->src\main\AndroidManifest.xml:25:17-76
62-->src\main\AndroidManifest.xml:25:27-74
63            </intent-filter>
64        </activity>
65        <!--
66             Don't delete the meta-data below.
67             This is used by the Flutter tool to generate GeneratedPluginRegistrant.java
68        -->
69        <meta-data
69-->src\main\AndroidManifest.xml:30:9-32:33
70            android:name="flutterEmbedding"
70-->src\main\AndroidManifest.xml:31:13-44
71            android:value="2" />
71-->src\main\AndroidManifest.xml:32:13-30
72
73        <uses-library
73-->[androidx.window:window:1.2.0] AndroidManifest.xml:23:9-25:40
74            android:name="androidx.window.extensions"
74-->[androidx.window:window:1.2.0] AndroidManifest.xml:24:13-54
75            android:required="false" />
75-->[androidx.window:window:1.2.0] AndroidManifest.xml:25:13-37
76        <uses-library
76-->[androidx.window:window:1.2.0] AndroidManifest.xml:26:9-28:40
77            android:name="androidx.window.sidecar"
77-->[androidx.window:window:1.2.0] AndroidManifest.xml:27:13-51
78            android:required="false" />
78-->[androidx.window:window:1.2.0] AndroidManifest.xml:28:13-37
79
80        <provider
80-->[androidx.lifecycle:lifecycle-process:2.7.0] AndroidManifest.xml:24:9-32:20
81            android:name="androidx.startup.InitializationProvider"
81-->[androidx.lifecycle:lifecycle-process:2.7.0] AndroidManifest.xml:25:13-67
82            android:authorities="com.example.sample_project.androidx-startup"
82-->[androidx.lifecycle:lifecycle-process:2.7.0] AndroidManifest.xml:26:13-68
83            android:exported="false" >
83-->[androidx.lifecycle:lifecycle-process:2.7.0] AndroidManifest.xml:27:13-37
84            <meta-data
84-->[androidx.lifecycle:lifecycle-process:2.7.0] AndroidManifest.xml:29:13-31:52
85                android:name="androidx.lifecycle.ProcessLifecycleInitializer"
85-->[androidx.lifecycle:lifecycle-process:2.7.0] AndroidManifest.xml:30:17-78
86                android:value="androidx.startup" />
86-->[androidx.lifecycle:lifecycle-process:2.7.0] AndroidManifest.xml:31:17-49
87            <meta-data
87-->[androidx.profileinstaller:profileinstaller:1.3.1] AndroidManifest.xml:29:13-31:52
88                android:name="androidx.profileinstaller.ProfileInstallerInitializer"
88-->[androidx.profileinstaller:profileinstaller:1.3.1] AndroidManifest.xml:30:17-85
89                android:value="androidx.startup" />
89-->[androidx.profileinstaller:profileinstaller:1.3.1] AndroidManifest.xml:31:17-49
90        </provider> <!-- The activities will be merged into the manifest of the hosting app. -->
91        <activity
91-->[com.google.android.play:core:1.10.3] AndroidManifest.xml:18:9-24:45
92            android:name="com.google.android.play.core.missingsplits.PlayCoreMissingSplitsActivity"
92-->[com.google.android.play:core:1.10.3] AndroidManifest.xml:19:13-100
93            android:enabled="false"
93-->[com.google.android.play:core:1.10.3] AndroidManifest.xml:20:13-36
94            android:exported="false"
94-->[com.google.android.play:core:1.10.3] AndroidManifest.xml:21:13-37
95            android:launchMode="singleInstance"
95-->[com.google.android.play:core:1.10.3] AndroidManifest.xml:22:13-48
96            android:process=":playcore_missing_splits_activity"
96-->[com.google.android.play:core:1.10.3] AndroidManifest.xml:23:13-64
97            android:stateNotNeeded="true" />
97-->[com.google.android.play:core:1.10.3] AndroidManifest.xml:24:13-42
98        <activity
98-->[com.google.android.play:core:1.10.3] AndroidManifest.xml:25:9-29:65
99            android:name="com.google.android.play.core.common.PlayCoreDialogWrapperActivity"
99-->[com.google.android.play:core:1.10.3] AndroidManifest.xml:26:13-93
100            android:exported="false"
100-->[com.google.android.play:core:1.10.3] AndroidManifest.xml:27:13-37
101            android:stateNotNeeded="true"
101-->[com.google.android.play:core:1.10.3] AndroidManifest.xml:28:13-42
102            android:theme="@style/Theme.PlayCore.Transparent" /> <!-- The services will be merged into the manifest of the hosting app. -->
102-->[com.google.android.play:core:1.10.3] AndroidManifest.xml:29:13-62
103        <service
103-->[com.google.android.play:core:1.10.3] AndroidManifest.xml:32:9-39:19
104            android:name="com.google.android.play.core.assetpacks.AssetPackExtractionService"
104-->[com.google.android.play:core:1.10.3] AndroidManifest.xml:33:13-94
105            android:enabled="false"
105-->[com.google.android.play:core:1.10.3] AndroidManifest.xml:34:13-36
106            android:exported="true" >
106-->[com.google.android.play:core:1.10.3] AndroidManifest.xml:35:13-36
107            <meta-data
107-->[com.google.android.play:core:1.10.3] AndroidManifest.xml:36:13-38:41
108                android:name="com.google.android.play.core.assetpacks.versionCode"
108-->[com.google.android.play:core:1.10.3] AndroidManifest.xml:37:17-83
109                android:value="11003" />
109-->[com.google.android.play:core:1.10.3] AndroidManifest.xml:38:17-38
110        </service>
111        <service
111-->[com.google.android.play:core:1.10.3] AndroidManifest.xml:40:9-43:40
112            android:name="com.google.android.play.core.assetpacks.ExtractionForegroundService"
112-->[com.google.android.play:core:1.10.3] AndroidManifest.xml:41:13-95
113            android:enabled="false"
113-->[com.google.android.play:core:1.10.3] AndroidManifest.xml:42:13-36
114            android:exported="false" />
114-->[com.google.android.play:core:1.10.3] AndroidManifest.xml:43:13-37
115
116        <receiver
116-->[androidx.profileinstaller:profileinstaller:1.3.1] AndroidManifest.xml:34:9-52:20
117            android:name="androidx.profileinstaller.ProfileInstallReceiver"
117-->[androidx.profileinstaller:profileinstaller:1.3.1] AndroidManifest.xml:35:13-76
118            android:directBootAware="false"
118-->[androidx.profileinstaller:profileinstaller:1.3.1] AndroidManifest.xml:36:13-44
119            android:enabled="true"
119-->[androidx.profileinstaller:profileinstaller:1.3.1] AndroidManifest.xml:37:13-35
120            android:exported="true"
120-->[androidx.profileinstaller:profileinstaller:1.3.1] AndroidManifest.xml:38:13-36
121            android:permission="android.permission.DUMP" >
121-->[androidx.profileinstaller:profileinstaller:1.3.1] AndroidManifest.xml:39:13-57
122            <intent-filter>
122-->[androidx.profileinstaller:profileinstaller:1.3.1] AndroidManifest.xml:40:13-42:29
123                <action android:name="androidx.profileinstaller.action.INSTALL_PROFILE" />
123-->[androidx.profileinstaller:profileinstaller:1.3.1] AndroidManifest.xml:41:17-91
123-->[androidx.profileinstaller:profileinstaller:1.3.1] AndroidManifest.xml:41:25-88
124            </intent-filter>
125            <intent-filter>
125-->[androidx.profileinstaller:profileinstaller:1.3.1] AndroidManifest.xml:43:13-45:29
126                <action android:name="androidx.profileinstaller.action.SKIP_FILE" />
126-->[androidx.profileinstaller:profileinstaller:1.3.1] AndroidManifest.xml:44:17-85
126-->[androidx.profileinstaller:profileinstaller:1.3.1] AndroidManifest.xml:44:25-82
127            </intent-filter>
128            <intent-filter>
128-->[androidx.profileinstaller:profileinstaller:1.3.1] AndroidManifest.xml:46:13-48:29
129                <action android:name="androidx.profileinstaller.action.SAVE_PROFILE" />
129-->[androidx.profileinstaller:profileinstaller:1.3.1] AndroidManifest.xml:47:17-88
129-->[androidx.profileinstaller:profileinstaller:1.3.1] AndroidManifest.xml:47:25-85
130            </intent-filter>
131            <intent-filter>
131-->[androidx.profileinstaller:profileinstaller:1.3.1] AndroidManifest.xml:49:13-51:29
132                <action android:name="androidx.profileinstaller.action.BENCHMARK_OPERATION" />
132-->[androidx.profileinstaller:profileinstaller:1.3.1] AndroidManifest.xml:50:17-95
132-->[androidx.profileinstaller:profileinstaller:1.3.1] AndroidManifest.xml:50:25-92
133            </intent-filter>
134        </receiver>
135    </application>
136
137</manifest>